C51 COMPILER V9.05   TIMER_V1                                                              11/13/2012 11:21:10 PAGE 1   


C51 COMPILER V9.05, COMPILATION OF MODULE TIMER_V1
OBJECT MODULE PLACED IN timer_v1.OBJ
COMPILER INVOKED BY: C:\Keil\C51\BIN\C51.EXE timer_v1.c BROWSE DEBUG OBJECTEXTEND

line level    source

   1          #include <reg52.h>
   2          
   3          /*------------------------------------------------
   4          Timer 0 Interrupt Service Routine.
   5          
   6          Set a breakpoint on 'overflow_count++' and run the
   7          program in the debugger.  You will see this line
   8          executes every 65536 clock cycles.
   9          ------------------------------------------------*/
  10          
  11          static unsigned char outer = 0;
  12          static unsigned char inner = 0;
  13          static unsigned char count = 0;
  14          static unsigned char status = 0;
  15          
  16          sbit LED_OUT = P0^1;
  17          sbit LED_OUT2 = P0^2;
  18          
  19          void timer0_ISR (void) interrupt 1
  20          {
  21   1      outer++;
  22   1      
  23   1      if(outer % 200 == 0)
  24   1                      {
  25   2                      inner++;
  26   2                      outer = 0;
  27   2                                      if(inner % 200 == 0)
  28   2                                      {
  29   3                                      count++;
  30   3                                      inner = 0;
  31   3                                                      if(count % 200 == 0)
  32   3                                                      {
  33   4                                                              count = 0;
  34   4                                                              
  35   4                                                              if(status == 0)
  36   4                                                              {
  37   5                                                                      status = 1;
  38   5                                                                      LED_OUT = 1;
  39   5                                                              }
  40   4                                                              else if(status == 1)
  41   4                                                              {
  42   5                                                                      status = 0;
  43   5                                                                      LED_OUT = 0;
  44   5                                                              }
  45   4                                                      
  46   4                                                      }
  47   3                                      }
  48   2                      }
  49   1      }
  50          /*------------------------------------------------
  51          MAIN C function
  52          ------------------------------------------------*/
  53          void main (void)
  54          {
  55   1      /*--------------------------------------
C51 COMPILER V9.05   TIMER_V1                                                              11/13/2012 11:21:10 PAGE 2   

  56   1      Set Timer0 for 16-bit timer mode.  The
  57   1      timer counts to 65535, overflows, and
  58   1      generates an interrupt.
  59   1      
  60   1      Set the Timer0 Run control bit.
  61   1      --------------------------------------*/
  62   1      TMOD = (TMOD & 0xF0) | 0x01;  /* Set T/C0 Mode */
  63   1      ET0 = 1;                      /* Enable Timer 0 Interrupts */
  64   1      TR0 = 1;                      /* Start Timer 0 Running */
  65   1      EA = 1;                       /* Global Interrupt Enable */
  66   1      
  67   1      /*--------------------------------------
  68   1      Do Nothing.  Actually, the timer 0
  69   1      interrupt will occur every 65536 clocks.
  70   1      --------------------------------------*/
  71   1      while (1)
  72   1        {
  73   2        LED_OUT2 = 0;
  74   2        }
  75   1      }
  76          


MODULE INFORMATION:   STATIC OVERLAYABLE
   CODE SIZE        =     94    ----
   CONSTANT SIZE    =   ----    ----
   XDATA SIZE       =   ----    ----
   PDATA SIZE       =   ----    ----
   DATA SIZE        =      4    ----
   IDATA SIZE       =   ----    ----
   BIT SIZE         =   ----    ----
END OF MODULE INFORMATION.


C51 COMPILATION COMPLETE.  0 WARNING(S),  0 ERROR(S)
